<?xml version="1.0" encoding="UTF-8"?>
<!-- Generated by org.testng.reporters.JUnitXMLReporter -->
<testsuite hostname="wirelessprv-10-195-141-46.near.illinois.edu" tests="5" failures="1" timestamp="17 Nov 2017 20:59:42 GMT" time="0.063" errors="0">
  <testcase name="testCreate" time="0.02" classname="TreeTest"/>
  <testcase name="testDepth" time="0.006" classname="TreeTest"/>
  <testcase name="testDescendants" time="0.006" classname="TreeTest">
    <failure type="junit.framework.AssertionFailedError" message="expected:&amp;lt;0&amp;gt; but was:&amp;lt;1&amp;gt;">
      <![CDATA[junit.framework.AssertionFailedError: expected:<0> but was:<1>
	at junit.framework.Assert.fail(Assert.java:50)
	at junit.framework.Assert.failNotEquals(Assert.java:287)
	at junit.framework.Assert.assertEquals(Assert.java:67)
	at junit.framework.Assert.assertEquals(Assert.java:199)
	at junit.framework.Assert.assertEquals(Assert.java:205)
	at TreeTest.testDescendants(TreeTest.java:127)
	at sun.reflect.NativeMethodAccessorImpl.invoke0(Native Method)
	at sun.reflect.NativeMethodAccessorImpl.invoke(NativeMethodAccessorImpl.java:62)
	at sun.reflect.DelegatingMethodAccessorImpl.invoke(DelegatingMethodAccessorImpl.java:43)
	at java.lang.reflect.Method.invoke(Method.java:498)
	at org.testng.internal.MethodInvocationHelper.invokeMethod(MethodInvocationHelper.java:85)
	at org.testng.internal.InvokeMethodRunnable.runOne(InvokeMethodRunnable.java:54)
	at org.testng.internal.InvokeMethodRunnable.run(InvokeMethodRunnable.java:44)
	at java.util.concurrent.Executors$RunnableAdapter.call(Executors.java:511)
	at java.util.concurrent.FutureTask.run(FutureTask.java:266)
	at java.util.concurrent.ThreadPoolExecutor.runWorker(ThreadPoolExecutor.java:1142)
	at java.util.concurrent.ThreadPoolExecutor$Worker.run(ThreadPoolExecutor.java:617)
	at java.lang.Thread.run(Thread.java:745)
]]>
    </failure>
  </testcase> <!-- testDescendants -->
  <testcase name="testMinAndMax" time="0.002" classname="TreeTest"/>
  <testcase name="testSearch" time="0.003" classname="TreeTest"/>
</testsuite>
