<?xml version="1.0" encoding="UTF-8"?>
<testng-results skipped="0" failed="1" total="5" passed="4">
  <reporter-output>
  </reporter-output>
  <suite name="Default suite" duration-ms="63" started-at="2017-11-17T20:59:42Z" finished-at="2017-11-17T20:59:42Z">
    <groups>
      <group name="create">
        <method signature="TreeTest.testCreate()[pri:0, instance:TreeTest@6ea12c19]" name="testCreate" class="TreeTest"/>
      </group> <!-- create -->
    </groups>
    <test name="Default test" duration-ms="63" started-at="2017-11-17T20:59:42Z" finished-at="2017-11-17T20:59:42Z">
      <class name="TreeTest">
        <test-method status="PASS" signature="testCreate()[pri:0, instance:TreeTest@6ea12c19]" name="testCreate" duration-ms="20" started-at="2017-11-17T14:59:42Z" finished-at="2017-11-17T14:59:42Z">
          <reporter-output>
          </reporter-output>
        </test-method> <!-- testCreate -->
        <test-method status="PASS" signature="testDepth()[pri:0, instance:TreeTest@6ea12c19]" name="testDepth" duration-ms="6" depends-on-groups="create.*" started-at="2017-11-17T14:59:42Z" finished-at="2017-11-17T14:59:42Z">
          <reporter-output>
          </reporter-output>
        </test-method> <!-- testDepth -->
        <test-method status="FAIL" signature="testDescendants()[pri:0, instance:TreeTest@6ea12c19]" name="testDescendants" duration-ms="6" depends-on-groups="create.*" started-at="2017-11-17T14:59:42Z" finished-at="2017-11-17T14:59:42Z">
          <exception class="junit.framework.AssertionFailedError">
            <message>
              <![CDATA[expected:<0> but was:<1>]]>
            </message>
            <full-stacktrace>
              <![CDATA[junit.framework.AssertionFailedError: expected:<0> but was:<1>
	at junit.framework.Assert.fail(Assert.java:50)
	at junit.framework.Assert.failNotEquals(Assert.java:287)
	at junit.framework.Assert.assertEquals(Assert.java:67)
	at junit.framework.Assert.assertEquals(Assert.java:199)
	at junit.framework.Assert.assertEquals(Assert.java:205)
	at TreeTest.testDescendants(TreeTest.java:127)
	at sun.reflect.NativeMethodAccessorImpl.invoke0(Native Method)
	at sun.reflect.NativeMethodAccessorImpl.invoke(NativeMethodAccessorImpl.java:62)
	at sun.reflect.DelegatingMethodAccessorImpl.invoke(DelegatingMethodAccessorImpl.java:43)
	at java.lang.reflect.Method.invoke(Method.java:498)
	at org.testng.internal.MethodInvocationHelper.invokeMethod(MethodInvocationHelper.java:85)
	at org.testng.internal.InvokeMethodRunnable.runOne(InvokeMethodRunnable.java:54)
	at org.testng.internal.InvokeMethodRunnable.run(InvokeMethodRunnable.java:44)
	at java.util.concurrent.Executors$RunnableAdapter.call(Executors.java:511)
	at java.util.concurrent.FutureTask.run(FutureTask.java:266)
	at java.util.concurrent.ThreadPoolExecutor.runWorker(ThreadPoolExecutor.java:1142)
	at java.util.concurrent.ThreadPoolExecutor$Worker.run(ThreadPoolExecutor.java:617)
	at java.lang.Thread.run(Thread.java:745)
]]>
            </full-stacktrace>
          </exception> <!-- junit.framework.AssertionFailedError -->
          <reporter-output>
          </reporter-output>
        </test-method> <!-- testDescendants -->
        <test-method status="PASS" signature="testMinAndMax()[pri:0, instance:TreeTest@6ea12c19]" name="testMinAndMax" duration-ms="2" depends-on-groups="create.*" started-at="2017-11-17T14:59:42Z" finished-at="2017-11-17T14:59:42Z">
          <reporter-output>
          </reporter-output>
        </test-method> <!-- testMinAndMax -->
        <test-method status="PASS" signature="testSearch()[pri:0, instance:TreeTest@6ea12c19]" name="testSearch" duration-ms="3" depends-on-groups="create.*" started-at="2017-11-17T14:59:42Z" finished-at="2017-11-17T14:59:42Z">
          <reporter-output>
          </reporter-output>
        </test-method> <!-- testSearch -->
      </class> <!-- TreeTest -->
    </test> <!-- Default test -->
  </suite> <!-- Default suite -->
</testng-results>
